# JRE version: Java(TM) SE Runtime Environment (24.0.1+9) (build 24.0.1+9-30)
# Java VM: Java HotSpot(TM) 64-Bit Server VM (24.0.1+9-30, mixed mode, sharing, tiered, compressed oops, compressed class ptrs, g1 gc, windows-amd64)
GC Precious Log:
 CardTable entry size: 512
 Card Set container configuration: InlinePtr #cards 4 size 8 Array Of Cards #cards 16 size 48 Howl #buckets 8 coarsen threshold 3686 Howl Bitmap #cards 512 size 80 coarsen threshold 460 Card regions per heap region 1 cards per card region 4096
 CPUs: 12 total, 12 available
 Memory: 16177M
 Large Page Support: Disabled
 NUMA Support: Disabled
 Compressed Oops: Enabled (Zero based)
 Heap Region Size: 2M
 Heap Min Capacity: 8M
 Heap Initial Capacity: 254M
 Heap Max Capacity: 4046M
 Pre-touch: Disabled
 Parallel Workers: 10
 Concurrent Workers: 3
 Concurrent Refinement Workers: 10
 Periodic GC: Disabled
Heap:
 garbage-first heap   total reserved 4143104K, committed 137216K, used 67729K [0x0000000703200000, 0x0000000800000000)
  region size 2048K, 4 young (8192K), 3 survivors (6144K)
 Metaspace       used 47375K, committed 47872K, reserved 1114112K
  class space    used 4976K, committed 5184K, reserved 1048576K
GC Heap History (20 events):
Event: 3.156 GC heap before
{Heap before GC invocations=1 (full 0):
 garbage-first heap   total reserved 4143104K, committed 262144K, used 119555K [0x0000000703200000, 0x0000000800000000)
  region size 2048K, 55 young (112640K), 3 survivors (6144K)
 Metaspace       used 19750K, committed 20032K, reserved 1114112K
  class space    used 1692K, committed 1792K, reserved 1048576K
}
Event: 3.168 GC heap after
{Heap after GC invocations=2 (full 0):
 garbage-first heap   total reserved 4143104K, committed 262144K, used 27585K [0x0000000703200000, 0x0000000800000000)
  region size 2048K, 7 young (14336K), 7 survivors (14336K)
 Metaspace       used 19750K, committed 20032K, reserved 1114112K
  class space    used 1692K, committed 1792K, reserved 1048576K
}
Event: 3.379 GC heap before
{Heap before GC invocations=2 (full 0):
 garbage-first heap   total reserved 4143104K, committed 262144K, used 56257K [0x0000000703200000, 0x0000000800000000)
  region size 2048K, 22 young (45056K), 7 survivors (14336K)
 Metaspace       used 21302K, committed 21504K, reserved 1114112K
  class space    used 1762K, committed 1856K, reserved 1048576K
}
Event: 3.394 GC heap after
{Heap after GC invocations=3 (full 0):
 garbage-first heap   total reserved 4143104K, committed 262144K, used 36910K [0x0000000703200000, 0x0000000800000000)
  region size 2048K, 4 young (8192K), 4 survivors (8192K)
 Metaspace       used 21302K, committed 21504K, reserved 1114112K
  class space    used 1762K, committed 1856K, reserved 1048576K
}
Event: 3.992 GC heap before
{Heap before GC invocations=4 (full 0):
 garbage-first heap   total reserved 4143104K, committed 131072K, used 106542K [0x0000000703200000, 0x0000000800000000)
  region size 2048K, 38 young (77824K), 4 survivors (8192K)
 Metaspace       used 25267K, committed 25600K, reserved 1114112K
  class space    used 2139K, committed 2304K, reserved 1048576K
}
Event: 4.000 GC heap after
{Heap after GC invocations=5 (full 0):
 garbage-first heap   total reserved 4143104K, committed 131072K, used 43461K [0x0000000703200000, 0x0000000800000000)
  region size 2048K, 4 young (8192K), 4 survivors (8192K)
 Metaspace       used 25267K, committed 25600K, reserved 1114112K
  class space    used 2139K, committed 2304K, reserved 1048576K
}
Event: 4.814 GC heap before
{Heap before GC invocations=5 (full 0):
 garbage-first heap   total reserved 4143104K, committed 131072K, used 92613K [0x0000000703200000, 0x0000000800000000)
  region size 2048K, 28 young (57344K), 4 survivors (8192K)
 Metaspace       used 30839K, committed 31168K, reserved 1114112K
  class space    used 2670K, committed 2816K, reserved 1048576K
}
Event: 4.826 GC heap after
{Heap after GC invocations=6 (full 0):
 garbage-first heap   total reserved 4143104K, committed 131072K, used 49680K [0x0000000703200000, 0x0000000800000000)
  region size 2048K, 3 young (6144K), 3 survivors (6144K)
 Metaspace       used 30839K, committed 31168K, reserved 1114112K
  class space    used 2670K, committed 2816K, reserved 1048576K
}
Event: 5.554 GC heap before
{Heap before GC invocations=6 (full 0):
 garbage-first heap   total reserved 4143104K, committed 131072K, used 66064K [0x0000000703200000, 0x0000000800000000)
  region size 2048K, 12 young (24576K), 3 survivors (6144K)
 Metaspace       used 35697K, committed 35968K, reserved 1114112K
  class space    used 3214K, committed 3328K, reserved 1048576K
}
Event: 5.560 GC heap after
{Heap after GC invocations=7 (full 0):
 garbage-first heap   total reserved 4143104K, committed 131072K, used 51056K [0x0000000703200000, 0x0000000800000000)
  region size 2048K, 1 young (2048K), 1 survivors (2048K)
 Metaspace       used 35697K, committed 35968K, reserved 1114112K
  class space    used 3214K, committed 3328K, reserved 1048576K
}
Event: 6.727 GC heap before
{Heap before GC invocations=8 (full 0):
 garbage-first heap   total reserved 4143104K, committed 131072K, used 102256K [0x0000000703200000, 0x0000000800000000)
  region size 2048K, 26 young (53248K), 1 survivors (2048K)
 Metaspace       used 38606K, committed 38976K, reserved 1114112K
  class space    used 3579K, committed 3712K, reserved 1048576K
}
Event: 6.735 GC heap after
{Heap after GC invocations=9 (full 0):
 garbage-first heap   total reserved 4143104K, committed 131072K, used 56239K [0x0000000703200000, 0x0000000800000000)
  region size 2048K, 4 young (8192K), 4 survivors (8192K)
 Metaspace       used 38606K, committed 38976K, reserved 1114112K
  class space    used 3579K, committed 3712K, reserved 1048576K
}
Event: 7.275 GC heap before
{Heap before GC invocations=9 (full 0):
 garbage-first heap   total reserved 4143104K, committed 131072K, used 105391K [0x0000000703200000, 0x0000000800000000)
  region size 2048K, 28 young (57344K), 4 survivors (8192K)
 Metaspace       used 41064K, committed 41472K, reserved 1114112K
  class space    used 3986K, committed 4160K, reserved 1048576K
}
Event: 7.282 GC heap after
{Heap after GC invocations=10 (full 0):
 garbage-first heap   total reserved 4143104K, committed 131072K, used 59000K [0x0000000703200000, 0x0000000800000000)
  region size 2048K, 3 young (6144K), 3 survivors (6144K)
 Metaspace       used 41064K, committed 41472K, reserved 1114112K
  class space    used 3986K, committed 4160K, reserved 1048576K
}
Event: 10.927 GC heap before
{Heap before GC invocations=10 (full 0):
 garbage-first heap   total reserved 4143104K, committed 131072K, used 106104K [0x0000000703200000, 0x0000000800000000)
  region size 2048K, 27 young (55296K), 3 survivors (6144K)
 Metaspace       used 43690K, committed 44160K, reserved 1114112K
  class space    used 4494K, committed 4672K, reserved 1048576K
}
Event: 10.934 GC heap after
{Heap after GC invocations=11 (full 0):
 garbage-first heap   total reserved 4143104K, committed 131072K, used 63308K [0x0000000703200000, 0x0000000800000000)
  region size 2048K, 2 young (4096K), 2 survivors (4096K)
 Metaspace       used 43690K, committed 44160K, reserved 1114112K
  class space    used 4494K, committed 4672K, reserved 1048576K
}
Event: 12.153 GC heap before
{Heap before GC invocations=11 (full 0):
 garbage-first heap   total reserved 4143104K, committed 131072K, used 110412K [0x0000000703200000, 0x0000000800000000)
  region size 2048K, 26 young (53248K), 2 survivors (4096K)
 Metaspace       used 46312K, committed 46848K, reserved 1114112K
  class space    used 4867K, committed 5120K, reserved 1048576K
}
Event: 12.159 GC heap after
{Heap after GC invocations=12 (full 0):
 garbage-first heap   total reserved 4143104K, committed 131072K, used 66256K [0x0000000703200000, 0x0000000800000000)
  region size 2048K, 4 young (8192K), 4 survivors (8192K)
 Metaspace       used 46312K, committed 46848K, reserved 1114112K
  class space    used 4867K, committed 5120K, reserved 1048576K
}
Event: 29.414 GC heap before
{Heap before GC invocations=13 (full 0):
 garbage-first heap   total reserved 4143104K, committed 131072K, used 123600K [0x0000000703200000, 0x0000000800000000)
  region size 2048K, 27 young (55296K), 4 survivors (8192K)
 Metaspace       used 47365K, committed 47872K, reserved 1114112K
  class space    used 4976K, committed 5184K, reserved 1048576K
}
Event: 29.423 GC heap after
{Heap after GC invocations=14 (full 0):
 garbage-first heap   total reserved 4143104K, committed 137216K, used 67729K [0x0000000703200000, 0x0000000800000000)
  region size 2048K, 3 young (6144K), 3 survivors (6144K)
 Metaspace       used 47365K, committed 47872K, reserved 1114112K
  class space    used 4976K, committed 5184K, reserved 1048576K
}

